*** New build: {2021-06-02 12:32:59} ***
scons: done reading SConscript files.
scons: Building targets ...
build_lyx(["build/talk/slides.pdf"], ["source/talk/slides.lyx"])
Install directory: "build/talk" as "release/talk"
scons: done building targets.
*** Build completed: {2021-06-02 12:33:03} ***
 
 
./release/talk/sconscript.log
*** Builder log created: {2021-06-02 12:32:59}
*** Builder log completed: {2021-06-02 12:33:03}
This is pdfTeX, Version 3.14159265-2.6-1.40.21 (TeX Live 2020) (preloaded format=pdflatex)
 restricted \write18 enabled.
entering extended mode
(./slides.tex
LaTeX2e <2020-02-02> patch level 5
L3 programming layer <2020-03-06>
This is pdfTeX, Version 3.14159265-2.6-1.40.21 (TeX Live 2020) (preloaded format=pdflatex)
 restricted \write18 enabled.
entering extended mode
(./slides.tex
LaTeX2e <2020-02-02> patch level 5
L3 programming layer <2020-03-06>
./build/talk/sconscript.log
*** Builder log created: {2021-06-02 12:32:59}
*** Builder log completed: {2021-06-02 12:33:03}
This is pdfTeX, Version 3.14159265-2.6-1.40.21 (TeX Live 2020) (preloaded format=pdflatex)
 restricted \write18 enabled.
entering extended mode
(./slides.tex
LaTeX2e <2020-02-02> patch level 5
L3 programming layer <2020-03-06>
This is pdfTeX, Version 3.14159265-2.6-1.40.21 (TeX Live 2020) (preloaded format=pdflatex)
 restricted \write18 enabled.
entering extended mode
(./slides.tex
LaTeX2e <2020-02-02> patch level 5
L3 programming layer <2020-03-06>
