WARNING: Information about .sconsign.dblite may be misleading
as it can be edited after state_of_repo.log finishes running

===================================

 *** GIT STATUS ***

===================================
Last commit:

commit 3937ad6228df914b14a2bdfab2b14d6b395568e4
Author: Miika Päällysaho <miika.paallysaho@ne.su.se>
Date:   Wed Jun 2 11:34:24 2021 +0200

    #3 Renames analysis/input as analysis/raw


Files changed since last commit:


paper_slides/release/talk/sconscript.log
paper_slides/release/talk/slides.pdf
paper_slides/source/talk/slides.lyx

===================================

 *** FILE STATUS ***

===================================
./config_user.yaml:
   modified on: 02 Jun 2021 11:42:45
   size of file: 646
./run.py:
   modified on: 30 May 2021 00:12:14
   size of file: 458
./state_of_repo.log:
   modified on: 02 Jun 2021 12:33:03
   size of file: 571
./SConstruct:
   modified on: 30 May 2021 00:12:14
   size of file: 1818
./state_of_input.log:
   modified on: 02 Jun 2021 12:32:59
   size of file: 183
./config_global.yaml:
   modified on: 30 May 2021 00:12:14
   size of file: 1283
./sconstruct.log:
   modified on: 02 Jun 2021 12:33:03
   size of file: 252
./input/ols_iv_estimates.txt:
   modified on: 30 May 2021 00:12:14
   size of file: 146
./input/mean_earnings_schooling.txt:
   modified on: 30 May 2021 00:12:14
   size of file: 130
./source/paper/paper.lyx:
   modified on: 30 May 2021 00:12:14
   size of file: 7794
./source/paper/online_appendix.lyx:
   modified on: 30 May 2021 00:12:14
   size of file: 3610
./source/paper/ondeck.lyx:
   modified on: 30 May 2021 00:12:14
   size of file: 2522
./source/paper/SConscript:
   modified on: 30 May 2021 00:12:14
   size of file: 713
./source/paper/text.lyx:
   modified on: 30 May 2021 00:12:14
   size of file: 2522
./source/tables/mean_earnings_schooling.lyx:
   modified on: 30 May 2021 00:12:14
   size of file: 7160
./source/tables/ols_iv_estimates.lyx:
   modified on: 30 May 2021 00:12:14
   size of file: 9914
./source/tables/SConscript:
   modified on: 30 May 2021 00:12:14
   size of file: 595
./source/figures/education_by_qob.lyx:
   modified on: 30 May 2021 00:12:14
   size of file: 4973
./source/figures/illustrate_research_design.lyx:
   modified on: 30 May 2021 00:12:14
   size of file: 2930
./source/talk/slides.lyx:
   modified on: 02 Jun 2021 12:32:28
   size of file: 10540
./source/talk/slides.lyx~:
   modified on: 02 Jun 2021 12:32:20
   size of file: 10541
./source/talk/SConscript:
   modified on: 30 May 2021 00:12:14
   size of file: 259
./release/state_of_repo.log:
   modified on: 02 Jun 2021 11:43:23
   size of file: 4520
./release/state_of_input.log:
   modified on: 02 Jun 2021 11:43:23
   size of file: 198
./release/sconstruct.log:
   modified on: 02 Jun 2021 11:43:23
   size of file: 2734
./release/paper/paper.pdf:
   modified on: 02 Jun 2021 11:43:23
   size of file: 82951
./release/paper/sconscript.log:
   modified on: 02 Jun 2021 11:43:23
   size of file: 548
./release/tables/mean_earnings_schooling.lyx:
   modified on: 02 Jun 2021 11:42:47
   size of file: 7194
./release/tables/sconscript.log:
   modified on: 02 Jun 2021 11:43:23
   size of file: 165
./release/tables/ols_iv_estimates.lyx:
   modified on: 02 Jun 2021 11:42:47
   size of file: 9946
./release/talk/slides.pdf:
   modified on: 02 Jun 2021 12:33:03
   size of file: 44623
./release/talk/sconscript.log:
   modified on: 02 Jun 2021 12:33:03
   size of file: 550
./build/paper/paper.pdf:
   modified on: 02 Jun 2021 11:42:53
   size of file: 82949
./build/paper/sconscript.log:
   modified on: 02 Jun 2021 11:42:53
   size of file: 548
./build/tables/mean_earnings_schooling.lyx:
   modified on: 02 Jun 2021 11:42:47
   size of file: 7194
./build/tables/sconscript.log:
   modified on: 02 Jun 2021 11:42:47
   size of file: 165
./build/tables/ols_iv_estimates.lyx:
   modified on: 02 Jun 2021 11:42:47
   size of file: 9946
./build/talk/slides.pdf:
   modified on: 02 Jun 2021 12:33:03
   size of file: 44623
./build/talk/sconscript.log:
   modified on: 02 Jun 2021 12:33:03
   size of file: 550
